
=== Sat Apr 22 22:10:44 2023

Packages were changed.
Update Mode: updateDependencies

The following packages were updated:
  com.unity.2d.animation from version 5.0.5 to 5.2.0
  com.unity.2d.psdimporter from version 4.0.2 to 4.3.0
  com.unity.2d.spriteshape from version 5.1.2 to 5.3.0
  com.unity.collab-proxy from version 1.5.7 to 2.0.1
  com.unity.ide.rider from version 2.0.7 to 3.0.18
  com.unity.ide.visualstudio from version 2.0.8 to 2.0.17
  com.unity.ide.vscode from version 1.2.3 to 1.2.5
  com.unity.test-framework from version 1.1.24 to 1.1.33

=== Sat Apr 22 22:27:32 2023

Packages were changed.
Update Mode: updateDependencies

The following packages were updated:
  com.unity.2d.animation from version 5.2.0 to 7.0.9
  com.unity.2d.pixel-perfect from version 4.0.1 to 5.0.3
  com.unity.2d.psdimporter from version 4.3.0 to 6.0.7
  com.unity.2d.spriteshape from version 5.3.0 to 7.0.6
  com.unity.timeline from version 1.4.8 to 1.6.4

=== Sun May 14 01:51:34 2023

Packages were changed.
Update Mode: updateDependencies

The following packages were updated:
  com.unity.2d.animation from version 7.0.9 to 8.0.5
  com.unity.2d.psdimporter from version 6.0.7 to 7.0.3
  com.unity.2d.spriteshape from version 7.0.6 to 8.0.1
  com.unity.timeline from version 1.6.4 to 1.7.2

=== Sun May 14 14:32:37 2023

Packages were changed.
Update Mode: resetToDefaultDependencies

The following packages were added:
  com.unity.visualscripting@1.7.8
The following packages were updated:
  com.unity.collab-proxy from version 2.0.1 to 1.15.17
  com.unity.ide.rider from version 3.0.18 to 3.0.14
  com.unity.ide.visualstudio from version 2.0.17 to 2.0.15
  com.unity.test-framework from version 1.1.33 to 1.1.31
  com.unity.timeline from version 1.7.2 to 1.6.4
The following packages were removed:
  com.unity.2d.animation@8.0.5
  com.unity.2d.pixel-perfect@5.0.3
  com.unity.2d.psdimporter@7.0.3
  com.unity.2d.sprite@1.0.0
  com.unity.2d.spriteshape@8.0.1
  com.unity.2d.tilemap@1.0.0

=== Sun May 14 18:13:09 2023

Packages were changed.
Update Mode: updateDependencies

The following packages were updated:
  com.unity.collab-proxy from version 1.15.17 to 2.0.4
  com.unity.ide.rider from version 3.0.14 to 3.0.21
  com.unity.ide.visualstudio from version 2.0.15 to 2.0.18
  com.unity.timeline from version 1.6.4 to 1.6.5
  com.unity.visualscripting from version 1.7.8 to 1.8.0
